<?xml version="1.0" encoding="UTF-8"?>
<testsuite xmlns:xsi="http://www.w3.org/2001/XMLSchema-instance" xsi:noNamespaceSchemaLocation="https://maven.apache.org/surefire/maven-surefire-plugin/xsd/surefire-test-report.xsd" name="runnerClasses.CukeRunner" time="5.111" tests="16" errors="0" skipped="0" failures="0">
  <properties>
[...]
</properties>
  <testcase name="Given User calls web service to get Employees" classname="| @#$$ |" time="0.001"/>
  <testcase name="When To initiate Rest service to get employee details with code as @#$$" classname="| @#$$ |" time="0"/>
  <testcase name="Then Respose status code should be &quot;400&quot;" classname="| @#$$ |" time="0"/>
  <testcase name="| @#$$ |" classname="| @#$$ |" time="0"/>
  <testcase name="Given User calls web service to get Employees" classname="| aa45 |" time="0"/>
  <testcase name="When To initiate Rest service to get employee details with code as aa45" classname="| aa45 |" time="0"/>
  <testcase name="Then Respose status code should be &quot;400&quot;" classname="| aa45 |" time="0"/>
  <testcase name="| aa45 |" classname="| aa45 |" time="0"/>
  <testcase name="Given User calls web service to get Employees" classname="| 153615 |" time="0"/>
  <testcase name="When To initiate Rest service to get employee details with code as 153615" classname="| 153615 |" time="0"/>
  <testcase name="Then Respose status code should be &quot;400&quot;" classname="| 153615 |" time="0"/>
  <testcase name="| 153615 |" classname="| 153615 |" time="0"/>
  <testcase name="Given User calls web service to get Employees" classname="| BG |" time="0"/>
  <testcase name="When To initiate Rest service to get employee details with code as BG" classname="| BG |" time="0"/>
  <testcase name="Then Respose status code should be &quot;400&quot;" classname="| BG |" time="0"/>
  <testcase name="| BG |" classname="| BG |" time="0"/>
</testsuite>